{"C:\\Users\\Joey Assal\\Documents\\OSD 600\\Release 0.1\\OSD600-Release0.1\\BrokenLinkChecker- Release 0.1\\index.js": {"path":"C:\\Users\\Joey Assal\\Documents\\OSD 600\\Release 0.1\\OSD600-Release0.1\\BrokenLinkChecker- Release 0.1\\index.js","statementMap":{"0":{"start":{"line":14,"column":20},"end":{"line":14,"column":46}},"1":{"start":{"line":15,"column":14},"end":{"line":15,"column":35}},"2":{"start":{"line":16,"column":11},"end":{"line":16,"column":24}},"3":{"start":{"line":17,"column":15},"end":{"line":17,"column":32}},"4":{"start":{"line":18,"column":13},"end":{"line":18,"column":28}},"5":{"start":{"line":19,"column":12},"end":{"line":19,"column":26}},"6":{"start":{"line":20,"column":20},"end":{"line":20,"column":35}},"7":{"start":{"line":21,"column":20},"end":{"line":21,"column":38}},"8":{"start":{"line":22,"column":19},"end":{"line":22,"column":46}},"9":{"start":{"line":23,"column":15},"end":{"line":23,"column":21}},"10":{"start":{"line":24,"column":14},"end":{"line":24,"column":16}},"11":{"start":{"line":25,"column":18},"end":{"line":25,"column":20}},"12":{"start":{"line":27,"column":14},"end":{"line":27,"column":112}},"13":{"start":{"line":30,"column":18},"end":{"line":30,"column":64}},"14":{"start":{"line":30,"column":29},"end":{"line":30,"column":64}},"15":{"start":{"line":31,"column":24},"end":{"line":56,"column":1}},"16":{"start":{"line":32,"column":20},"end":{"line":32,"column":22}},"17":{"start":{"line":33,"column":2},"end":{"line":41,"column":3}},"18":{"start":{"line":35,"column":4},"end":{"line":35,"column":34}},"19":{"start":{"line":36,"column":9},"end":{"line":41,"column":3}},"20":{"start":{"line":38,"column":4},"end":{"line":38,"column":38}},"21":{"start":{"line":40,"column":4},"end":{"line":40,"column":34}},"22":{"start":{"line":44,"column":2},"end":{"line":55,"column":7}},"23":{"start":{"line":48,"column":6},"end":{"line":51,"column":7}},"24":{"start":{"line":50,"column":8},"end":{"line":50,"column":15}},"25":{"start":{"line":52,"column":17},"end":{"line":52,"column":34}},"26":{"start":{"line":53,"column":6},"end":{"line":53,"column":37}},"27":{"start":{"line":54,"column":6},"end":{"line":54,"column":61}},"28":{"start":{"line":58,"column":0},"end":{"line":125,"column":1}},"29":{"start":{"line":60,"column":2},"end":{"line":62,"column":4}},"30":{"start":{"line":63,"column":7},"end":{"line":125,"column":1}},"31":{"start":{"line":66,"column":15},"end":{"line":66,"column":30}},"32":{"start":{"line":67,"column":2},"end":{"line":73,"column":6}},"33":{"start":{"line":72,"column":8},"end":{"line":72,"column":65}},"34":{"start":{"line":74,"column":2},"end":{"line":100,"column":3}},"35":{"start":{"line":75,"column":4},"end":{"line":77,"column":6}},"36":{"start":{"line":78,"column":4},"end":{"line":78,"column":25}},"37":{"start":{"line":80,"column":4},"end":{"line":80,"column":22}},"38":{"start":{"line":83,"column":19},"end":{"line":85,"column":5}},"39":{"start":{"line":84,"column":16},"end":{"line":84,"column":43}},"40":{"start":{"line":87,"column":4},"end":{"line":99,"column":7}},"41":{"start":{"line":88,"column":6},"end":{"line":98,"column":7}},"42":{"start":{"line":88,"column":33},"end":{"line":88,"column":48}},"43":{"start":{"line":89,"column":8},"end":{"line":91,"column":10}},"44":{"start":{"line":92,"column":8},"end":{"line":92,"column":29}},"45":{"start":{"line":94,"column":8},"end":{"line":96,"column":10}},"46":{"start":{"line":97,"column":8},"end":{"line":97,"column":29}},"47":{"start":{"line":101,"column":7},"end":{"line":125,"column":1}},"48":{"start":{"line":102,"column":2},"end":{"line":102,"column":17}},"49":{"start":{"line":103,"column":7},"end":{"line":125,"column":1}},"50":{"start":{"line":104,"column":2},"end":{"line":104,"column":51}},"51":{"start":{"line":106,"column":2},"end":{"line":106,"column":20}},"52":{"start":{"line":107,"column":2},"end":{"line":124,"column":7}},"53":{"start":{"line":110,"column":6},"end":{"line":120,"column":7}},"54":{"start":{"line":110,"column":33},"end":{"line":110,"column":48}},"55":{"start":{"line":111,"column":8},"end":{"line":113,"column":10}},"56":{"start":{"line":114,"column":8},"end":{"line":114,"column":29}},"57":{"start":{"line":116,"column":8},"end":{"line":118,"column":10}},"58":{"start":{"line":119,"column":8},"end":{"line":119,"column":29}},"59":{"start":{"line":123,"column":6},"end":{"line":123,"column":23}},"60":{"start":{"line":129,"column":2},"end":{"line":177,"column":3}},"61":{"start":{"line":131,"column":21},"end":{"line":131,"column":58}},"62":{"start":{"line":132,"column":17},"end":{"line":132,"column":22}},"63":{"start":{"line":134,"column":4},"end":{"line":170,"column":5}},"64":{"start":{"line":136,"column":6},"end":{"line":142,"column":7}},"65":{"start":{"line":138,"column":8},"end":{"line":140,"column":10}},"66":{"start":{"line":141,"column":8},"end":{"line":141,"column":22}},"67":{"start":{"line":143,"column":11},"end":{"line":170,"column":5}},"68":{"start":{"line":145,"column":6},"end":{"line":150,"column":7}},"69":{"start":{"line":147,"column":8},"end":{"line":149,"column":10}},"70":{"start":{"line":153,"column":6},"end":{"line":169,"column":7}},"71":{"start":{"line":155,"column":8},"end":{"line":157,"column":10}},"72":{"start":{"line":158,"column":8},"end":{"line":158,"column":22}},"73":{"start":{"line":159,"column":13},"end":{"line":169,"column":7}},"74":{"start":{"line":161,"column":8},"end":{"line":163,"column":10}},"75":{"start":{"line":166,"column":8},"end":{"line":168,"column":10}},"76":{"start":{"line":172,"column":18},"end":{"line":172,"column":40}},"77":{"start":{"line":173,"column":4},"end":{"line":173,"column":28}},"78":{"start":{"line":174,"column":4},"end":{"line":174,"column":18}},"79":{"start":{"line":176,"column":4},"end":{"line":176,"column":47}},"80":{"start":{"line":181,"column":2},"end":{"line":226,"column":7}},"81":{"start":{"line":183,"column":6},"end":{"line":183,"column":29}},"82":{"start":{"line":188,"column":6},"end":{"line":207,"column":9}},"83":{"start":{"line":189,"column":8},"end":{"line":206,"column":9}},"84":{"start":{"line":191,"column":10},"end":{"line":205,"column":15}},"85":{"start":{"line":193,"column":14},"end":{"line":193,"column":32}},"86":{"start":{"line":196,"column":14},"end":{"line":204,"column":16}},"87":{"start":{"line":200,"column":18},"end":{"line":202,"column":19}},"88":{"start":{"line":201,"column":20},"end":{"line":201,"column":37}},"89":{"start":{"line":208,"column":6},"end":{"line":208,"column":24}},"90":{"start":{"line":209,"column":6},"end":{"line":225,"column":11}},"91":{"start":{"line":211,"column":10},"end":{"line":221,"column":11}},"92":{"start":{"line":211,"column":37},"end":{"line":211,"column":52}},"93":{"start":{"line":212,"column":12},"end":{"line":214,"column":14}},"94":{"start":{"line":215,"column":12},"end":{"line":215,"column":33}},"95":{"start":{"line":217,"column":12},"end":{"line":219,"column":14}},"96":{"start":{"line":220,"column":12},"end":{"line":220,"column":33}},"97":{"start":{"line":224,"column":10},"end":{"line":224,"column":27}},"98":{"start":{"line":229,"column":0},"end":{"line":232,"column":2}}},"fnMap":{"0":{"name":"(anonymous_0)","decl":{"start":{"line":30,"column":18},"end":{"line":30,"column":19}},"loc":{"start":{"line":30,"column":29},"end":{"line":30,"column":64}},"line":30},"1":{"name":"(anonymous_1)","decl":{"start":{"line":31,"column":24},"end":{"line":31,"column":25}},"loc":{"start":{"line":31,"column":30},"end":{"line":56,"column":1}},"line":31},"2":{"name":"(anonymous_2)","decl":{"start":{"line":46,"column":13},"end":{"line":46,"column":14}},"loc":{"start":{"line":46,"column":23},"end":{"line":55,"column":5}},"line":46},"3":{"name":"(anonymous_3)","decl":{"start":{"line":71,"column":6},"end":{"line":71,"column":7}},"loc":{"start":{"line":72,"column":8},"end":{"line":72,"column":65}},"line":72},"4":{"name":"(anonymous_4)","decl":{"start":{"line":84,"column":6},"end":{"line":84,"column":7}},"loc":{"start":{"line":84,"column":16},"end":{"line":84,"column":43}},"line":84},"5":{"name":"(anonymous_5)","decl":{"start":{"line":87,"column":29},"end":{"line":87,"column":30}},"loc":{"start":{"line":87,"column":39},"end":{"line":99,"column":5}},"line":87},"6":{"name":"(anonymous_6)","decl":{"start":{"line":88,"column":21},"end":{"line":88,"column":22}},"loc":{"start":{"line":88,"column":33},"end":{"line":88,"column":48}},"line":88},"7":{"name":"(anonymous_7)","decl":{"start":{"line":108,"column":10},"end":{"line":108,"column":11}},"loc":{"start":{"line":108,"column":20},"end":{"line":121,"column":5}},"line":108},"8":{"name":"(anonymous_8)","decl":{"start":{"line":110,"column":21},"end":{"line":110,"column":22}},"loc":{"start":{"line":110,"column":33},"end":{"line":110,"column":48}},"line":110},"9":{"name":"(anonymous_9)","decl":{"start":{"line":122,"column":11},"end":{"line":122,"column":12}},"loc":{"start":{"line":122,"column":20},"end":{"line":124,"column":5}},"line":122},"10":{"name":"processLink","decl":{"start":{"line":128,"column":15},"end":{"line":128,"column":26}},"loc":{"start":{"line":128,"column":33},"end":{"line":178,"column":1}},"line":128},"11":{"name":"getTelescope","decl":{"start":{"line":180,"column":15},"end":{"line":180,"column":27}},"loc":{"start":{"line":180,"column":30},"end":{"line":227,"column":1}},"line":180},"12":{"name":"(anonymous_12)","decl":{"start":{"line":182,"column":10},"end":{"line":182,"column":11}},"loc":{"start":{"line":182,"column":24},"end":{"line":184,"column":5}},"line":182},"13":{"name":"(anonymous_13)","decl":{"start":{"line":185,"column":10},"end":{"line":185,"column":11}},"loc":{"start":{"line":185,"column":20},"end":{"line":226,"column":5}},"line":185},"14":{"name":"(anonymous_14)","decl":{"start":{"line":188,"column":42},"end":{"line":188,"column":43}},"loc":{"start":{"line":188,"column":54},"end":{"line":207,"column":7}},"line":188},"15":{"name":"(anonymous_15)","decl":{"start":{"line":192,"column":18},"end":{"line":192,"column":19}},"loc":{"start":{"line":192,"column":27},"end":{"line":194,"column":13}},"line":192},"16":{"name":"(anonymous_16)","decl":{"start":{"line":195,"column":18},"end":{"line":195,"column":19}},"loc":{"start":{"line":195,"column":35},"end":{"line":205,"column":13}},"line":195},"17":{"name":"(anonymous_17)","decl":{"start":{"line":199,"column":16},"end":{"line":199,"column":17}},"loc":{"start":{"line":199,"column":25},"end":{"line":203,"column":17}},"line":199},"18":{"name":"(anonymous_18)","decl":{"start":{"line":210,"column":14},"end":{"line":210,"column":15}},"loc":{"start":{"line":210,"column":24},"end":{"line":222,"column":9}},"line":210},"19":{"name":"(anonymous_19)","decl":{"start":{"line":211,"column":25},"end":{"line":211,"column":26}},"loc":{"start":{"line":211,"column":37},"end":{"line":211,"column":52}},"line":211},"20":{"name":"(anonymous_20)","decl":{"start":{"line":223,"column":15},"end":{"line":223,"column":16}},"loc":{"start":{"line":223,"column":24},"end":{"line":225,"column":9}},"line":223}},"branchMap":{"0":{"loc":{"start":{"line":33,"column":2},"end":{"line":41,"column":3}},"type":"if","locations":[{"start":{"line":33,"column":2},"end":{"line":41,"column":3}},{"start":{"line":33,"column":2},"end":{"line":41,"column":3}}],"line":33},"1":{"loc":{"start":{"line":36,"column":9},"end":{"line":41,"column":3}},"type":"if","locations":[{"start":{"line":36,"column":9},"end":{"line":41,"column":3}},{"start":{"line":36,"column":9},"end":{"line":41,"column":3}}],"line":36},"2":{"loc":{"start":{"line":48,"column":6},"end":{"line":51,"column":7}},"type":"if","locations":[{"start":{"line":48,"column":6},"end":{"line":51,"column":7}},{"start":{"line":48,"column":6},"end":{"line":51,"column":7}}],"line":48},"3":{"loc":{"start":{"line":58,"column":0},"end":{"line":125,"column":1}},"type":"if","locations":[{"start":{"line":58,"column":0},"end":{"line":125,"column":1}},{"start":{"line":58,"column":0},"end":{"line":125,"column":1}}],"line":58},"4":{"loc":{"start":{"line":63,"column":7},"end":{"line":125,"column":1}},"type":"if","locations":[{"start":{"line":63,"column":7},"end":{"line":125,"column":1}},{"start":{"line":63,"column":7},"end":{"line":125,"column":1}}],"line":63},"5":{"loc":{"start":{"line":72,"column":8},"end":{"line":72,"column":65}},"type":"binary-expr","locations":[{"start":{"line":72,"column":8},"end":{"line":72,"column":34}},{"start":{"line":72,"column":38},"end":{"line":72,"column":65}}],"line":72},"6":{"loc":{"start":{"line":74,"column":2},"end":{"line":100,"column":3}},"type":"if","locations":[{"start":{"line":74,"column":2},"end":{"line":100,"column":3}},{"start":{"line":74,"column":2},"end":{"line":100,"column":3}}],"line":74},"7":{"loc":{"start":{"line":88,"column":6},"end":{"line":98,"column":7}},"type":"if","locations":[{"start":{"line":88,"column":6},"end":{"line":98,"column":7}},{"start":{"line":88,"column":6},"end":{"line":98,"column":7}}],"line":88},"8":{"loc":{"start":{"line":101,"column":7},"end":{"line":125,"column":1}},"type":"if","locations":[{"start":{"line":101,"column":7},"end":{"line":125,"column":1}},{"start":{"line":101,"column":7},"end":{"line":125,"column":1}}],"line":101},"9":{"loc":{"start":{"line":103,"column":7},"end":{"line":125,"column":1}},"type":"if","locations":[{"start":{"line":103,"column":7},"end":{"line":125,"column":1}},{"start":{"line":103,"column":7},"end":{"line":125,"column":1}}],"line":103},"10":{"loc":{"start":{"line":110,"column":6},"end":{"line":120,"column":7}},"type":"if","locations":[{"start":{"line":110,"column":6},"end":{"line":120,"column":7}},{"start":{"line":110,"column":6},"end":{"line":120,"column":7}}],"line":110},"11":{"loc":{"start":{"line":134,"column":4},"end":{"line":170,"column":5}},"type":"if","locations":[{"start":{"line":134,"column":4},"end":{"line":170,"column":5}},{"start":{"line":134,"column":4},"end":{"line":170,"column":5}}],"line":134},"12":{"loc":{"start":{"line":136,"column":6},"end":{"line":142,"column":7}},"type":"if","locations":[{"start":{"line":136,"column":6},"end":{"line":142,"column":7}},{"start":{"line":136,"column":6},"end":{"line":142,"column":7}}],"line":136},"13":{"loc":{"start":{"line":143,"column":11},"end":{"line":170,"column":5}},"type":"if","locations":[{"start":{"line":143,"column":11},"end":{"line":170,"column":5}},{"start":{"line":143,"column":11},"end":{"line":170,"column":5}}],"line":143},"14":{"loc":{"start":{"line":145,"column":6},"end":{"line":150,"column":7}},"type":"if","locations":[{"start":{"line":145,"column":6},"end":{"line":150,"column":7}},{"start":{"line":145,"column":6},"end":{"line":150,"column":7}}],"line":145},"15":{"loc":{"start":{"line":145,"column":10},"end":{"line":145,"column":58}},"type":"binary-expr","locations":[{"start":{"line":145,"column":10},"end":{"line":145,"column":32}},{"start":{"line":145,"column":36},"end":{"line":145,"column":58}}],"line":145},"16":{"loc":{"start":{"line":153,"column":6},"end":{"line":169,"column":7}},"type":"if","locations":[{"start":{"line":153,"column":6},"end":{"line":169,"column":7}},{"start":{"line":153,"column":6},"end":{"line":169,"column":7}}],"line":153},"17":{"loc":{"start":{"line":159,"column":13},"end":{"line":169,"column":7}},"type":"if","locations":[{"start":{"line":159,"column":13},"end":{"line":169,"column":7}},{"start":{"line":159,"column":13},"end":{"line":169,"column":7}}],"line":159},"18":{"loc":{"start":{"line":159,"column":17},"end":{"line":159,"column":65}},"type":"binary-expr","locations":[{"start":{"line":159,"column":17},"end":{"line":159,"column":39}},{"start":{"line":159,"column":43},"end":{"line":159,"column":65}}],"line":159},"19":{"loc":{"start":{"line":200,"column":18},"end":{"line":202,"column":19}},"type":"if","locations":[{"start":{"line":200,"column":18},"end":{"line":202,"column":19}},{"start":{"line":200,"column":18},"end":{"line":202,"column":19}}],"line":200},"20":{"loc":{"start":{"line":211,"column":10},"end":{"line":221,"column":11}},"type":"if","locations":[{"start":{"line":211,"column":10},"end":{"line":221,"column":11}},{"start":{"line":211,"column":10},"end":{"line":221,"column":11}}],"line":211}},"s":{"0":1,"1":1,"2":1,"3":1,"4":1,"5":1,"6":1,"7":1,"8":1,"9":1,"10":1,"11":1,"12":1,"13":1,"14":2,"15":1,"16":0,"17":0,"18":0,"19":0,"20":0,"21":0,"22":0,"23":0,"24":0,"25":0,"26":0,"27":0,"28":1,"29":0,"30":1,"31":0,"32":0,"33":0,"34":0,"35":0,"36":0,"37":0,"38":0,"39":0,"40":0,"41":0,"42":0,"43":0,"44":0,"45":0,"46":0,"47":1,"48":0,"49":1,"50":1,"51":0,"52":0,"53":0,"54":0,"55":0,"56":0,"57":0,"58":0,"59":0,"60":8,"61":8,"62":8,"63":8,"64":0,"65":0,"66":0,"67":8,"68":0,"69":0,"70":8,"71":6,"72":6,"73":2,"74":2,"75":0,"76":8,"77":8,"78":8,"79":0,"80":0,"81":0,"82":0,"83":0,"84":0,"85":0,"86":0,"87":0,"88":0,"89":0,"90":0,"91":0,"92":0,"93":0,"94":0,"95":0,"96":0,"97":0,"98":1},"f":{"0":2,"1":0,"2":0,"3":0,"4":0,"5":0,"6":0,"7":0,"8":0,"9":0,"10":8,"11":0,"12":0,"13":0,"14":0,"15":0,"16":0,"17":0,"18":0,"19":0,"20":0},"b":{"0":[0,0],"1":[0,0],"2":[0,0],"3":[0,1],"4":[0,1],"5":[0,0],"6":[0,0],"7":[0,0],"8":[0,1],"9":[1,0],"10":[0,0],"11":[0,8],"12":[0,0],"13":[0,8],"14":[0,0],"15":[0,0],"16":[6,2],"17":[2,0],"18":[2,0],"19":[0,0],"20":[0,0]},"_coverageSchema":"1a1c01bbd47fc00a2c39e90264f33305004495a9","hash":"9e603f79fe87a9679654796e41be706867832d50"}
}
