TN:
SF:BrokenLinkChecker- Release 0.1\index.js
FN:30,(anonymous_0)
FN:31,(anonymous_1)
FN:46,(anonymous_2)
FN:71,(anonymous_3)
FN:84,(anonymous_4)
FN:87,(anonymous_5)
FN:88,(anonymous_6)
FN:108,(anonymous_7)
FN:110,(anonymous_8)
FN:122,(anonymous_9)
FN:128,processLink
FN:180,getTelescope
FN:182,(anonymous_12)
FN:185,(anonymous_13)
FN:188,(anonymous_14)
FN:192,(anonymous_15)
FN:195,(anonymous_16)
FN:199,(anonymous_17)
FN:210,(anonymous_18)
FN:211,(anonymous_19)
FN:223,(anonymous_20)
FNF:21
FNH:2
FNDA:6,(anonymous_0)
FNDA:0,(anonymous_1)
FNDA:0,(anonymous_2)
FNDA:0,(anonymous_3)
FNDA:0,(anonymous_4)
FNDA:0,(anonymous_5)
FNDA:0,(anonymous_6)
FNDA:0,(anonymous_7)
FNDA:0,(anonymous_8)
FNDA:0,(anonymous_9)
FNDA:11,processLink
FNDA:0,getTelescope
FNDA:0,(anonymous_12)
FNDA:0,(anonymous_13)
FNDA:0,(anonymous_14)
FNDA:0,(anonymous_15)
FNDA:0,(anonymous_16)
FNDA:0,(anonymous_17)
FNDA:0,(anonymous_18)
FNDA:0,(anonymous_19)
FNDA:0,(anonymous_20)
DA:14,1
DA:15,1
DA:16,1
DA:17,1
DA:18,1
DA:19,1
DA:20,1
DA:21,1
DA:22,1
DA:23,1
DA:24,1
DA:25,1
DA:27,1
DA:30,6
DA:31,1
DA:32,0
DA:33,0
DA:35,0
DA:36,0
DA:38,0
DA:40,0
DA:44,0
DA:48,0
DA:50,0
DA:52,0
DA:53,0
DA:54,0
DA:58,1
DA:60,0
DA:63,1
DA:66,0
DA:67,0
DA:72,0
DA:74,0
DA:75,0
DA:78,0
DA:80,0
DA:83,0
DA:84,0
DA:87,0
DA:88,0
DA:89,0
DA:92,0
DA:94,0
DA:97,0
DA:101,1
DA:102,0
DA:103,1
DA:104,1
DA:106,0
DA:107,0
DA:110,0
DA:111,0
DA:114,0
DA:116,0
DA:119,0
DA:123,0
DA:129,11
DA:131,11
DA:132,11
DA:134,11
DA:136,0
DA:138,0
DA:141,0
DA:143,11
DA:145,0
DA:147,0
DA:153,11
DA:155,8
DA:158,8
DA:159,3
DA:161,3
DA:166,0
DA:172,11
DA:173,11
DA:174,11
DA:176,0
DA:181,0
DA:183,0
DA:188,0
DA:189,0
DA:191,0
DA:193,0
DA:196,0
DA:200,0
DA:201,0
DA:208,0
DA:209,0
DA:211,0
DA:212,0
DA:215,0
DA:217,0
DA:220,0
DA:224,0
DA:229,1
LF:95
LH:34
BRDA:30,0,0,4
BRDA:30,0,1,2
BRDA:33,1,0,0
BRDA:33,1,1,0
BRDA:36,2,0,0
BRDA:36,2,1,0
BRDA:48,3,0,0
BRDA:48,3,1,0
BRDA:58,4,0,0
BRDA:58,4,1,1
BRDA:63,5,0,0
BRDA:63,5,1,1
BRDA:72,6,0,0
BRDA:72,6,1,0
BRDA:74,7,0,0
BRDA:74,7,1,0
BRDA:88,8,0,0
BRDA:88,8,1,0
BRDA:101,9,0,0
BRDA:101,9,1,1
BRDA:103,10,0,1
BRDA:103,10,1,0
BRDA:110,11,0,0
BRDA:110,11,1,0
BRDA:134,12,0,0
BRDA:134,12,1,11
BRDA:136,13,0,0
BRDA:136,13,1,0
BRDA:143,14,0,0
BRDA:143,14,1,11
BRDA:145,15,0,0
BRDA:145,15,1,0
BRDA:145,16,0,0
BRDA:145,16,1,0
BRDA:153,17,0,8
BRDA:153,17,1,3
BRDA:159,18,0,3
BRDA:159,18,1,0
BRDA:159,19,0,3
BRDA:159,19,1,0
BRDA:200,20,0,0
BRDA:200,20,1,0
BRDA:211,21,0,0
BRDA:211,21,1,0
BRF:44
BRH:12
end_of_record
