TN:
SF:BrokenLinkChecker- Release 0.1\index.js
FN:30,(anonymous_0)
FN:31,(anonymous_1)
FN:46,(anonymous_2)
FN:71,(anonymous_3)
FN:84,(anonymous_4)
FN:87,(anonymous_5)
FN:88,(anonymous_6)
FN:108,(anonymous_7)
FN:110,(anonymous_8)
FN:122,(anonymous_9)
FN:128,processLink
FN:180,getTelescope
FN:182,(anonymous_12)
FN:185,(anonymous_13)
FN:188,(anonymous_14)
FN:192,(anonymous_15)
FN:195,(anonymous_16)
FN:199,(anonymous_17)
FN:210,(anonymous_18)
FN:211,(anonymous_19)
FN:223,(anonymous_20)
FNF:21
FNH:2
FNDA:2,(anonymous_0)
FNDA:0,(anonymous_1)
FNDA:0,(anonymous_2)
FNDA:0,(anonymous_3)
FNDA:0,(anonymous_4)
FNDA:0,(anonymous_5)
FNDA:0,(anonymous_6)
FNDA:0,(anonymous_7)
FNDA:0,(anonymous_8)
FNDA:0,(anonymous_9)
FNDA:8,processLink
FNDA:0,getTelescope
FNDA:0,(anonymous_12)
FNDA:0,(anonymous_13)
FNDA:0,(anonymous_14)
FNDA:0,(anonymous_15)
FNDA:0,(anonymous_16)
FNDA:0,(anonymous_17)
FNDA:0,(anonymous_18)
FNDA:0,(anonymous_19)
FNDA:0,(anonymous_20)
DA:14,1
DA:15,1
DA:16,1
DA:17,1
DA:18,1
DA:19,1
DA:20,1
DA:21,1
DA:22,1
DA:23,1
DA:24,1
DA:25,1
DA:27,1
DA:30,2
DA:31,1
DA:32,0
DA:33,0
DA:35,0
DA:36,0
DA:38,0
DA:40,0
DA:44,0
DA:48,0
DA:50,0
DA:52,0
DA:53,0
DA:54,0
DA:58,1
DA:60,0
DA:63,1
DA:66,0
DA:67,0
DA:72,0
DA:74,0
DA:75,0
DA:78,0
DA:80,0
DA:83,0
DA:84,0
DA:87,0
DA:88,0
DA:89,0
DA:92,0
DA:94,0
DA:97,0
DA:101,1
DA:102,0
DA:103,1
DA:104,1
DA:106,0
DA:107,0
DA:110,0
DA:111,0
DA:114,0
DA:116,0
DA:119,0
DA:123,0
DA:129,8
DA:131,8
DA:132,8
DA:134,8
DA:136,0
DA:138,0
DA:141,0
DA:143,8
DA:145,0
DA:147,0
DA:153,8
DA:155,6
DA:158,6
DA:159,2
DA:161,2
DA:166,0
DA:172,8
DA:173,8
DA:174,8
DA:176,0
DA:181,0
DA:183,0
DA:188,0
DA:189,0
DA:191,0
DA:193,0
DA:196,0
DA:200,0
DA:201,0
DA:208,0
DA:209,0
DA:211,0
DA:212,0
DA:215,0
DA:217,0
DA:220,0
DA:224,0
DA:229,1
LF:95
LH:34
BRDA:33,0,0,0
BRDA:33,0,1,0
BRDA:36,1,0,0
BRDA:36,1,1,0
BRDA:48,2,0,0
BRDA:48,2,1,0
BRDA:58,3,0,0
BRDA:58,3,1,1
BRDA:63,4,0,0
BRDA:63,4,1,1
BRDA:72,5,0,0
BRDA:72,5,1,0
BRDA:74,6,0,0
BRDA:74,6,1,0
BRDA:88,7,0,0
BRDA:88,7,1,0
BRDA:101,8,0,0
BRDA:101,8,1,1
BRDA:103,9,0,1
BRDA:103,9,1,0
BRDA:110,10,0,0
BRDA:110,10,1,0
BRDA:134,11,0,0
BRDA:134,11,1,8
BRDA:136,12,0,0
BRDA:136,12,1,0
BRDA:143,13,0,0
BRDA:143,13,1,8
BRDA:145,14,0,0
BRDA:145,14,1,0
BRDA:145,15,0,0
BRDA:145,15,1,0
BRDA:153,16,0,6
BRDA:153,16,1,2
BRDA:159,17,0,2
BRDA:159,17,1,0
BRDA:159,18,0,2
BRDA:159,18,1,0
BRDA:200,19,0,0
BRDA:200,19,1,0
BRDA:211,20,0,0
BRDA:211,20,1,0
BRF:42
BRH:10
end_of_record
